<?xml version="1.0" encoding="UTF-8"?>
<testng-results skipped="1" failed="0" total="6" passed="5">
  <reporter-output>
  </reporter-output>
  <suite name="Suite" duration-ms="65833" started-at="2018-08-10T02:29:35Z" finished-at="2018-08-10T02:30:41Z">
    <groups>
    </groups>
    <test name="IETest" duration-ms="6048" started-at="2018-08-10T02:29:35Z" finished-at="2018-08-10T02:29:41Z">
      <class name="com.practices.phptravels.phptravelsHomeMenuTest">
        <test-method status="PASS" signature="setup(java.lang.String)[pri:0, instance:com.practices.phptravels.phptravelsHomeMenuTest@1794d431]" name="setup" is-config="true" duration-ms="5365" started-at="2018-08-09T19:29:35Z" finished-at="2018-08-09T19:29:40Z">
          <params>
            <param index="0">
              <value>
                <![CDATA[EDGE]]>
              </value>
            </param>
          </params>
          <reporter-output>
          </reporter-output>
        </test-method> <!-- setup -->
        <test-method status="PASS" signature="checktitle()[pri:0, instance:com.practices.phptravels.phptravelsHomeMenuTest@1794d431]" name="checktitle" duration-ms="79" started-at="2018-08-09T19:29:40Z" finished-at="2018-08-09T19:29:40Z">
          <reporter-output>
          </reporter-output>
        </test-method> <!-- checktitle -->
        <test-method status="FAIL" signature="setup(java.lang.String)[pri:0, instance:com.practices.phptravels.phptravelsHomeMenuTest@1794d431]" name="setup" is-config="true" duration-ms="0" started-at="2018-08-09T19:29:40Z" finished-at="2018-08-09T19:29:40Z">
          <params>
            <param index="0">
              <value>
                <![CDATA[EDGE]]>
              </value>
            </param>
          </params>
          <exception class="org.openqa.selenium.WebDriverException">
            <message>
              <![CDATA[Unable to parse remote response: Unknown error
Build info: version: '3.4.0', revision: 'unknown', time: 'unknown'
System info: host: 'VANO-PC', ip: '192.168.56.1', os.name: 'Windows 10', os.arch: 'amd64', os.version: '10.0', java.version: '1.8.0_171'
Driver info: driver.version: EdgeDriver]]>
            </message>
            <full-stacktrace>
              <![CDATA[org.openqa.selenium.WebDriverException: Unable to parse remote response: Unknown error
Build info: version: '3.4.0', revision: 'unknown', time: 'unknown'
System info: host: 'VANO-PC', ip: '192.168.56.1', os.name: 'Windows 10', os.arch: 'amd64', os.version: '10.0', java.version: '1.8.0_171'
Driver info: driver.version: EdgeDriver
	at org.openqa.selenium.remote.ProtocolHandshake.createSession(ProtocolHandshake.java:353)
	at org.openqa.selenium.remote.ProtocolHandshake.createSession(ProtocolHandshake.java:159)
	at org.openqa.selenium.remote.HttpCommandExecutor.execute(HttpCommandExecutor.java:142)
	at org.openqa.selenium.remote.service.DriverCommandExecutor.execute(DriverCommandExecutor.java:82)
	at org.openqa.selenium.remote.RemoteWebDriver.execute(RemoteWebDriver.java:637)
	at org.openqa.selenium.remote.RemoteWebDriver.startSession(RemoteWebDriver.java:250)
	at org.openqa.selenium.remote.RemoteWebDriver.startSession(RemoteWebDriver.java:236)
	at org.openqa.selenium.remote.RemoteWebDriver.<init>(RemoteWebDriver.java:137)
	at org.openqa.selenium.edge.EdgeDriver.<init>(EdgeDriver.java:150)
	at org.openqa.selenium.edge.EdgeDriver.<init>(EdgeDriver.java:139)
	at org.openqa.selenium.edge.EdgeDriver.<init>(EdgeDriver.java:96)
	at com.practices.phptravels.BaseTest.setup(BaseTest.java:41)
	at sun.reflect.NativeMethodAccessorImpl.invoke0(Native Method)
	at sun.reflect.NativeMethodAccessorImpl.invoke(Unknown Source)
	at sun.reflect.DelegatingMethodAccessorImpl.invoke(Unknown Source)
	at java.lang.reflect.Method.invoke(Unknown Source)
	at org.testng.internal.MethodInvocationHelper.invokeMethod(MethodInvocationHelper.java:80)
	at org.testng.internal.Invoker.invokeConfigurationMethod(Invoker.java:564)
	at org.testng.internal.Invoker.invokeConfigurations(Invoker.java:213)
	at org.testng.internal.Invoker.invokeMethod(Invoker.java:653)
	at org.testng.internal.Invoker.invokeTestMethod(Invoker.java:901)
	at org.testng.internal.Invoker.invokeTestMethods(Invoker.java:1231)
	at org.testng.internal.TestMethodWorker.invokeTestMethods(TestMethodWorker.java:127)
	at org.testng.internal.TestMethodWorker.run(TestMethodWorker.java:111)
	at org.testng.TestRunner.privateRun(TestRunner.java:767)
	at org.testng.TestRunner.run(TestRunner.java:617)
	at org.testng.SuiteRunner.runTest(SuiteRunner.java:334)
	at org.testng.SuiteRunner.access$000(SuiteRunner.java:37)
	at org.testng.SuiteRunner$SuiteWorker.run(SuiteRunner.java:368)
	at org.testng.internal.thread.ThreadUtil$2.call(ThreadUtil.java:64)
	at java.util.concurrent.FutureTask.run(Unknown Source)
	at java.util.concurrent.ThreadPoolExecutor.runWorker(Unknown Source)
	at java.util.concurrent.ThreadPoolExecutor$Worker.run(Unknown Source)
	at java.lang.Thread.run(Unknown Source)
]]>
            </full-stacktrace>
          </exception> <!-- org.openqa.selenium.WebDriverException -->
          <reporter-output>
          </reporter-output>
        </test-method> <!-- setup -->
        <test-method status="PASS" signature="Driverquit()[pri:0, instance:com.practices.phptravels.phptravelsHomeMenuTest@1794d431]" name="Driverquit" is-config="true" duration-ms="0" started-at="2018-08-09T19:29:40Z" finished-at="2018-08-09T19:29:40Z">
          <reporter-output>
          </reporter-output>
        </test-method> <!-- Driverquit -->
        <test-method status="SKIP" signature="clickmenu()[pri:0, instance:com.practices.phptravels.phptravelsHomeMenuTest@1794d431]" name="clickmenu" duration-ms="1" started-at="2018-08-09T19:29:41Z" finished-at="2018-08-09T19:29:41Z">
          <reporter-output>
          </reporter-output>
        </test-method> <!-- clickmenu -->
        <test-method status="SKIP" signature="Driverquit()[pri:0, instance:com.practices.phptravels.phptravelsHomeMenuTest@1794d431]" name="Driverquit" is-config="true" duration-ms="0" started-at="2018-08-09T19:29:41Z" finished-at="2018-08-09T19:29:41Z">
          <reporter-output>
          </reporter-output>
        </test-method> <!-- Driverquit -->
      </class> <!-- com.practices.phptravels.phptravelsHomeMenuTest -->
    </test> <!-- IETest -->
    <test name="ChromeTest" duration-ms="64939" started-at="2018-08-10T02:29:35Z" finished-at="2018-08-10T02:30:40Z">
      <class name="com.practices.phptravels.phptravelsHomeMenuTest">
        <test-method status="PASS" signature="setup(java.lang.String)[pri:0, instance:com.practices.phptravels.phptravelsHomeMenuTest@1a968a59]" name="setup" is-config="true" duration-ms="16051" started-at="2018-08-09T19:29:35Z" finished-at="2018-08-09T19:29:51Z">
          <params>
            <param index="0">
              <value>
                <![CDATA[chrome]]>
              </value>
            </param>
          </params>
          <reporter-output>
          </reporter-output>
        </test-method> <!-- setup -->
        <test-method status="PASS" signature="checktitle()[pri:0, instance:com.practices.phptravels.phptravelsHomeMenuTest@1a968a59]" name="checktitle" duration-ms="117" started-at="2018-08-09T19:29:51Z" finished-at="2018-08-09T19:29:51Z">
          <reporter-output>
          </reporter-output>
        </test-method> <!-- checktitle -->
        <test-method status="PASS" signature="setup(java.lang.String)[pri:0, instance:com.practices.phptravels.phptravelsHomeMenuTest@1a968a59]" name="setup" is-config="true" duration-ms="16883" started-at="2018-08-09T19:29:51Z" finished-at="2018-08-09T19:30:08Z">
          <params>
            <param index="0">
              <value>
                <![CDATA[chrome]]>
              </value>
            </param>
          </params>
          <reporter-output>
          </reporter-output>
        </test-method> <!-- setup -->
        <test-method status="PASS" signature="Driverquit()[pri:0, instance:com.practices.phptravels.phptravelsHomeMenuTest@1a968a59]" name="Driverquit" is-config="true" duration-ms="0" started-at="2018-08-09T19:29:51Z" finished-at="2018-08-09T19:29:51Z">
          <reporter-output>
          </reporter-output>
        </test-method> <!-- Driverquit -->
        <test-method status="PASS" signature="clickmenu()[pri:0, instance:com.practices.phptravels.phptravelsHomeMenuTest@1a968a59]" name="clickmenu" duration-ms="31870" started-at="2018-08-09T19:30:08Z" finished-at="2018-08-09T19:30:40Z">
          <reporter-output>
          </reporter-output>
        </test-method> <!-- clickmenu -->
        <test-method status="PASS" signature="Driverquit()[pri:0, instance:com.practices.phptravels.phptravelsHomeMenuTest@1a968a59]" name="Driverquit" is-config="true" duration-ms="0" started-at="2018-08-09T19:30:40Z" finished-at="2018-08-09T19:30:40Z">
          <reporter-output>
          </reporter-output>
        </test-method> <!-- Driverquit -->
      </class> <!-- com.practices.phptravels.phptravelsHomeMenuTest -->
    </test> <!-- ChromeTest -->
    <test name="FirefoxTest" duration-ms="65833" started-at="2018-08-10T02:29:35Z" finished-at="2018-08-10T02:30:41Z">
      <class name="com.practices.phptravels.phptravelsHomeMenuTest">
        <test-method status="PASS" signature="setup(java.lang.String)[pri:0, instance:com.practices.phptravels.phptravelsHomeMenuTest@4c70fda8]" name="setup" is-config="true" duration-ms="19045" started-at="2018-08-09T19:29:35Z" finished-at="2018-08-09T19:29:54Z">
          <params>
            <param index="0">
              <value>
                <![CDATA[firefox]]>
              </value>
            </param>
          </params>
          <reporter-output>
          </reporter-output>
        </test-method> <!-- setup -->
        <test-method status="PASS" signature="checktitle()[pri:0, instance:com.practices.phptravels.phptravelsHomeMenuTest@4c70fda8]" name="checktitle" duration-ms="51" started-at="2018-08-09T19:29:54Z" finished-at="2018-08-09T19:29:54Z">
          <reporter-output>
          </reporter-output>
        </test-method> <!-- checktitle -->
        <test-method status="PASS" signature="Driverquit()[pri:0, instance:com.practices.phptravels.phptravelsHomeMenuTest@4c70fda8]" name="Driverquit" is-config="true" duration-ms="1" started-at="2018-08-09T19:29:54Z" finished-at="2018-08-09T19:29:54Z">
          <reporter-output>
          </reporter-output>
        </test-method> <!-- Driverquit -->
        <test-method status="PASS" signature="setup(java.lang.String)[pri:0, instance:com.practices.phptravels.phptravelsHomeMenuTest@4c70fda8]" name="setup" is-config="true" duration-ms="17870" started-at="2018-08-09T19:29:54Z" finished-at="2018-08-09T19:30:12Z">
          <params>
            <param index="0">
              <value>
                <![CDATA[firefox]]>
              </value>
            </param>
          </params>
          <reporter-output>
          </reporter-output>
        </test-method> <!-- setup -->
        <test-method status="PASS" signature="clickmenu()[pri:0, instance:com.practices.phptravels.phptravelsHomeMenuTest@4c70fda8]" name="clickmenu" duration-ms="28847" started-at="2018-08-09T19:30:12Z" finished-at="2018-08-09T19:30:41Z">
          <reporter-output>
          </reporter-output>
        </test-method> <!-- clickmenu -->
        <test-method status="PASS" signature="Driverquit()[pri:0, instance:com.practices.phptravels.phptravelsHomeMenuTest@4c70fda8]" name="Driverquit" is-config="true" duration-ms="0" started-at="2018-08-09T19:30:41Z" finished-at="2018-08-09T19:30:41Z">
          <reporter-output>
          </reporter-output>
        </test-method> <!-- Driverquit -->
      </class> <!-- com.practices.phptravels.phptravelsHomeMenuTest -->
    </test> <!-- FirefoxTest -->
  </suite> <!-- Suite -->
</testng-results>
